f:\.net program\rander\rander\debug\vc120.pdb
f:\.net program\rander\rander\debug\rander.obj
f:\.net program\rander\rander\debug\assemblyinfo.obj
f:\.net program\rander\rander\debug\.netframework,version=v4.0.assemblyattributes.obj
f:\.net program\rander\rander\debug\randerdata.obj
f:\.net program\rander\rander\debug\rander.pch
f:\.net program\rander\rander\debug\stdafx.obj
f:\.net program\rander\debug\rander.exe
f:\.net program\rander\debug\rander.pdb
f:\.net program\rander\rander\debug\rander.form1.resources
f:\.net program\rander\rander\debug\app.res
f:\.net program\rander\rander\debug\rander.vcxproj.generateresource.cache
f:\.net program\rander\rander\debug\rander.vcxprojresolveassemblyreference.cache
f:\.net program\rander\rander\debug\rander.tlog\cl.command.1.tlog
f:\.net program\rander\rander\debug\rander.tlog\cl.read.1.tlog
f:\.net program\rander\rander\debug\rander.tlog\cl.write.1.tlog
f:\.net program\rander\rander\debug\rander.tlog\link.command.1.tlog
f:\.net program\rander\rander\debug\rander.tlog\link.read.1.tlog
f:\.net program\rander\rander\debug\rander.tlog\link.write.1.tlog
f:\.net program\rander\rander\debug\rander.tlog\metagen.read.1.tlog
f:\.net program\rander\rander\debug\rander.tlog\metagen.write.1.tlog
f:\.net program\rander\rander\debug\rander.tlog\rander.write.1u.tlog
f:\.net program\rander\rander\debug\rander.tlog\rc.command.1.tlog
f:\.net program\rander\rander\debug\rander.tlog\rc.read.1.tlog
f:\.net program\rander\rander\debug\rander.tlog\rc.write.1.tlog
f:\.net program\rander\rander\debug\rander.tlog\rsaenh.dll.bi
f:\.net program\rander\rander\debug\rander.tlog\tzres.dll.bi
